<?xml version="1.0" encoding="UTF-8"?>
<!-- Generated by org.testng.reporters.JUnitReportReporter -->
<testsuite hostname="Akash" failures="0" tests="2" name="com.example.app.AppTest" time="10.687" errors="0" timestamp="2025-01-13T02:14:17 IST" skipped="0">
  <testcase classname="com.example.app.AppTest" name="testTitle1" time="3.887"/>
  <testcase classname="com.example.app.AppTest" name="testTitle2" time="6.800"/>
</testsuite> <!-- com.example.app.AppTest -->
