<?xml version="1.0" encoding="UTF-8"?>
<!-- Generated by org.testng.reporters.JUnitReportReporter -->
<testsuite hostname="Akash" failures="0" tests="2" name="com.example.app.AppTest" time="7.627" errors="0" timestamp="2025-01-14T13:18:02 IST" skipped="0">
  <testcase classname="com.example.app.AppTest" name="testTitle2" time="5.295"/>
  <testcase classname="com.example.app.AppTest" name="testTitle1" time="2.332"/>
</testsuite> <!-- com.example.app.AppTest -->
